<?xml version="1.0" encoding="UTF-8"?>
<testng-results ignored="0" total="1" passed="1" failed="0" skipped="0">
  <reporter-output>
    <line>
      <![CDATA[login is executed]]>
    </line>
  </reporter-output>
  <suite started-at="2024-08-02T10:38:31 IST" name="Default suite" finished-at="2024-08-02T10:38:38 IST" duration-ms="7204">
    <groups>
    </groups>
    <test started-at="2024-08-02T10:38:31 IST" name="Default test" finished-at="2024-08-02T10:38:38 IST" duration-ms="7204">
      <class name="BaseTestCase.VtigerLoginProcess">
        <test-method is-config="true" signature="precondiion()[pri:0, instance:BaseTestCase.VtigerLoginProcess@1ca3b418]" started-at="2024-08-02T10:38:32 IST" name="precondiion" finished-at="2024-08-02T10:38:38 IST" duration-ms="6620" status="PASS">
          <reporter-output>
          </reporter-output>
        </test-method> <!-- precondiion -->
        <test-method signature="login()[pri:0, instance:BaseTestCase.VtigerLoginProcess@1ca3b418]" started-at="2024-08-02T10:38:38 IST" name="login" finished-at="2024-08-02T10:38:38 IST" duration-ms="11" status="PASS">
          <reporter-output>
            <line>
              <![CDATA[login is executed]]>
            </line>
          </reporter-output>
        </test-method> <!-- login -->
        <test-method is-config="true" signature="logout()[pri:0, instance:BaseTestCase.VtigerLoginProcess@1ca3b418]" started-at="2024-08-02T10:38:38 IST" name="logout" finished-at="2024-08-02T10:38:38 IST" duration-ms="1" status="PASS">
          <reporter-output>
          </reporter-output>
        </test-method> <!-- logout -->
        <test-method is-config="true" signature="postcondition()[pri:0, instance:BaseTestCase.VtigerLoginProcess@1ca3b418]" started-at="2024-08-02T10:38:38 IST" name="postcondition" finished-at="2024-08-02T10:38:38 IST" duration-ms="1" status="PASS">
          <reporter-output>
          </reporter-output>
        </test-method> <!-- postcondition -->
      </class> <!-- BaseTestCase.VtigerLoginProcess -->
    </test> <!-- Default test -->
  </suite> <!-- Default suite -->
</testng-results>
